<?xml version="1.0" encoding="UTF-8"?>
<!-- Generated by org.testng.reporters.JUnitReportReporter -->
<testsuite hostname="Raji-Laptop" failures="0" tests="2" name="MavenProject2.MavenJava1.SeleniumTest" time="0.003" errors="0" timestamp="2020-11-02T18:10:35 IST" skipped="0">
  <testcase classname="MavenProject2.MavenJava1.SeleniumTest" name="BrowserAutomation" time="0.002"/>
  <system-out/>
  <testcase classname="MavenProject2.MavenJava1.SeleniumTest" name="elementsUI" time="0.001"/>
  <system-out/>
</testsuite> <!-- MavenProject2.MavenJava1.SeleniumTest -->
