<?xml version="1.0" encoding="UTF-8"?>
<!-- Generated by org.testng.reporters.JUnitReportReporter -->
<testsuite hostname="Raji-Laptop" failures="0" tests="2" name="MavenProject2.MavenJava1.RESTAPITest" time="0.019" errors="0" timestamp="2020-12-22T12:50:05 IST" skipped="0">
  <testcase classname="MavenProject2.MavenJava1.RESTAPITest" name="deleteTwitter" time="0.016"/>
  <system-out/>
  <testcase classname="MavenProject2.MavenJava1.RESTAPITest" name="postJira" time="0.003"/>
  <system-out/>
</testsuite> <!-- MavenProject2.MavenJava1.RESTAPITest -->
