<?xml version="1.0" encoding="UTF-8"?>
<!-- Generated by org.testng.reporters.JUnitReportReporter -->
<testsuite hostname="Raji-Laptop" failures="0" tests="2" name="MavenProject2.MavenJava1.RESTAPITest" time="0.001" errors="0" timestamp="2020-12-22T12:49:29 IST" skipped="0">
  <testcase classname="MavenProject2.MavenJava1.RESTAPITest" name="deleteTwitter" time="0.000"/>
  <system-out/>
  <testcase classname="MavenProject2.MavenJava1.RESTAPITest" name="postJira" time="0.001"/>
  <system-out/>
</testsuite> <!-- MavenProject2.MavenJava1.RESTAPITest -->
